#
# There is insufficient memory for the Java Runtime Environment to continue.
# Native memory allocation (malloc) failed to allocate 81376 bytes. Error detail: Chunk::new
# Possible reasons:
#   The system is out of physical RAM or swap space
#   This process is running with CompressedOops enabled, and the Java Heap may be blocking the growth of the native heap
# Possible solutions:
#   Reduce memory load on the system
#   Increase physical memory or swap space
#   Check if swap backing store is full
#   Decrease Java heap size (-Xmx/-Xms)
#   Decrease number of Java threads
#   Decrease Java thread stack sizes (-Xss)
#   Set larger code cache with -XX:ReservedCodeCacheSize=
#   JVM is running with Unscaled Compressed Oops mode in which the Java heap is
#     placed in the first 4GB address space. The Java Heap base address is the
#     maximum limit for the native heap growth. Please use -XX:HeapBaseMinAddress
#     to set the Java Heap base and to place the Java Heap above 4GB virtual address.
# This output file may be truncated or incomplete.
#
#  Out of Memory Error (arena.cpp:168), pid=30248, tid=30652
#
# JRE version: OpenJDK Runtime Environment Temurin-21.0.7+6 (21.0.7+6) (build 21.0.7+6-LTS)
# Java VM: OpenJDK 64-Bit Server VM Temurin-21.0.7+6 (21.0.7+6-LTS, mixed mode, sharing, tiered, compressed oops, compressed class ptrs, parallel gc, windows-amd64)
# No core dump will be written. Minidumps are not enabled by default on client versions of Windows
#

---------------  S U M M A R Y ------------

Command Line: --add-modules=ALL-SYSTEM --add-opens=java.base/java.util=ALL-UNNAMED --add-opens=java.base/java.lang=ALL-UNNAMED --add-opens=java.base/sun.nio.fs=ALL-UNNAMED -Declipse.application=org.eclipse.jdt.ls.core.id1 -Dosgi.bundles.defaultStartLevel=4 -Declipse.product=org.eclipse.jdt.ls.core.product -Djava.import.generatesMetadataFilesAtProjectRoot=false -DDetectVMInstallationsJob.disabled=true -Dfile.encoding=utf8 -XX:+UseParallelGC -XX:GCTimeRatio=4 -XX:AdaptiveSizePolicyWeight=90 -Dsun.zip.disableMemoryMapping=true -Xmx1G -Xms100m -Xlog:disable -javaagent:c:\Users\Admin\.vscode\extensions\redhat.java-1.42.0-win32-x64\lombok\lombok-1.18.36.jar -XX:+HeapDumpOnOutOfMemoryError -XX:HeapDumpPath=c:\Users\Admin\AppData\Roaming\Code\User\workspaceStorage\5dc3f2df9ea58a9b44a2b78c0b0bc615\redhat.java -Daether.dependencyCollector.impl=bf c:\Users\Admin\.vscode\extensions\redhat.java-1.42.0-win32-x64\server\plugins\org.eclipse.equinox.launcher_1.7.0.v20250424-1814.jar -configuration c:\Users\Admin\AppData\Roaming\Code\User\globalStorage\redhat.java\1.42.0\config_win -data c:\Users\Admin\AppData\Roaming\Code\User\workspaceStorage\5dc3f2df9ea58a9b44a2b78c0b0bc615\redhat.java\jdt_ws --pipe=\\.\pipe\lsp-c7090b682c8f62388ccbf0ecf8d315ff-sock

Host: AMD Ryzen 7 6800HS Creator Edition             , 16 cores, 13G,  Windows 11 , 64 bit Build 22621 (10.0.22621.5124)
Time: Tue Jun 24 00:04:30 2025 Sri Lanka Standard Time elapsed time: 11.658625 seconds (0d 0h 0m 11s)

---------------  T H R E A D  ---------------

Current thread (0x0000021c624e7840):  JavaThread "C2 CompilerThread0" daemon [_thread_in_native, id=30652, stack(0x0000009811200000,0x0000009811300000) (1024K)]


Current CompileTask:
C2:11658 2379       4       java.util.ImmutableCollections$SetN::probe (56 bytes)

Stack: [0x0000009811200000,0x0000009811300000]
Native frames: (J=compiled Java code, j=interpreted, Vv=VM code, C=native code)
V  [jvm.dll+0x6ce119]
V  [jvm.dll+0x8a84a1]
V  [jvm.dll+0x8aa9ce]
V  [jvm.dll+0x8ab0b3]
V  [jvm.dll+0x27f8a6]
V  [jvm.dll+0xc507d]
V  [jvm.dll+0xc55b3]
V  [jvm.dll+0x2f2c6d]
V  [jvm.dll+0x5f6bca]
V  [jvm.dll+0x250cb2]
V  [jvm.dll+0x25106f]
V  [jvm.dll+0x249934]
V  [jvm.dll+0x246fc4]
V  [jvm.dll+0x1c760e]
V  [jvm.dll+0x25695a]
V  [jvm.dll+0x254efa]
V  [jvm.dll+0x3f03f6]
V  [jvm.dll+0x851f6b]
V  [jvm.dll+0x6cc7dd]
C  [ucrtbase.dll+0x29333]
C  [KERNEL32.DLL+0x1259d]
C  [ntdll.dll+0x5af38]


---------------  P R O C E S S  ---------------

Threads class SMR info:
_java_thread_list=0x0000021c654f1cb0, length=17, elements={
0x0000021c4e113a40, 0x0000021c624d9400, 0x0000021c4e1bc750, 0x0000021c624dcd50,
0x0000021c624de010, 0x0000021c624e0e40, 0x0000021c639cd3e0, 0x0000021c624e7840,
0x0000021c624e8680, 0x0000021c63a9a560, 0x0000021c65345eb0, 0x0000021c6599b3e0,
0x0000021c659b2b40, 0x0000021c65913550, 0x0000021c65913f80, 0x0000021c6a2e0a20,
0x0000021c63c3b860
}

Java Threads: ( => current thread )
  0x0000021c4e113a40 JavaThread "main"                              [_thread_blocked, id=20356, stack(0x0000009810800000,0x0000009810900000) (1024K)]
  0x0000021c624d9400 JavaThread "Reference Handler"          daemon [_thread_blocked, id=30440, stack(0x0000009810c00000,0x0000009810d00000) (1024K)]
  0x0000021c4e1bc750 JavaThread "Finalizer"                  daemon [_thread_blocked, id=29804, stack(0x0000009810d00000,0x0000009810e00000) (1024K)]
  0x0000021c624dcd50 JavaThread "Signal Dispatcher"          daemon [_thread_blocked, id=29300, stack(0x0000009810e00000,0x0000009810f00000) (1024K)]
  0x0000021c624de010 JavaThread "Attach Listener"            daemon [_thread_blocked, id=17600, stack(0x0000009810f00000,0x0000009811000000) (1024K)]
  0x0000021c624e0e40 JavaThread "Service Thread"             daemon [_thread_blocked, id=21412, stack(0x0000009811000000,0x0000009811100000) (1024K)]
  0x0000021c639cd3e0 JavaThread "Monitor Deflation Thread"   daemon [_thread_blocked, id=30308, stack(0x0000009811100000,0x0000009811200000) (1024K)]
=>0x0000021c624e7840 JavaThread "C2 CompilerThread0"         daemon [_thread_in_native, id=30652, stack(0x0000009811200000,0x0000009811300000) (1024K)]
  0x0000021c624e8680 JavaThread "C1 CompilerThread0"         daemon [_thread_in_vm, id=17604, stack(0x0000009811300000,0x0000009811400000) (1024K)]
  0x0000021c63a9a560 JavaThread "Common-Cleaner"             daemon [_thread_blocked, id=30364, stack(0x0000009811500000,0x0000009811600000) (1024K)]
  0x0000021c65345eb0 JavaThread "Notification Thread"        daemon [_thread_blocked, id=10848, stack(0x0000009811900000,0x0000009811a00000) (1024K)]
  0x0000021c6599b3e0 JavaThread "Active Thread: Equinox Container: 904b8350-26f2-4d4f-b1a5-03eda9e8d6e0"        [_thread_blocked, id=3260, stack(0x0000009812200000,0x0000009812300000) (1024K)]
  0x0000021c659b2b40 JavaThread "Refresh Thread: Equinox Container: 904b8350-26f2-4d4f-b1a5-03eda9e8d6e0" daemon [_thread_blocked, id=16728, stack(0x0000009811400000,0x0000009811500000) (1024K)]
  0x0000021c65913550 JavaThread "Framework Event Dispatcher: Equinox Container: 904b8350-26f2-4d4f-b1a5-03eda9e8d6e0" daemon [_thread_in_vm, id=29480, stack(0x0000009811600000,0x0000009811700000) (1024K)]
  0x0000021c65913f80 JavaThread "Start Level: Equinox Container: 904b8350-26f2-4d4f-b1a5-03eda9e8d6e0" daemon [_thread_in_native, id=24076, stack(0x0000009811700000,0x0000009811800000) (1024K)]
  0x0000021c6a2e0a20 JavaThread "Bundle File Closer"         daemon [_thread_blocked, id=29280, stack(0x0000009812400000,0x0000009812500000) (1024K)]
  0x0000021c63c3b860 JavaThread "C1 CompilerThread1"         daemon [_thread_in_vm, id=17592, stack(0x0000009812500000,0x0000009812600000) (1024K)]
Total: 17

Other Threads:
  0x0000021c639c4920 VMThread "VM Thread"                           [id=20120, stack(0x0000009810b00000,0x0000009810c00000) (1024K)]
  0x0000021c623cca00 WatcherThread "VM Periodic Task Thread"        [id=8520, stack(0x0000009810a00000,0x0000009810b00000) (1024K)]
  0x0000021c4e129df0 WorkerThread "GC Thread#0"                     [id=17724, stack(0x0000009810900000,0x0000009810a00000) (1024K)]
  0x0000021c6a22c8e0 WorkerThread "GC Thread#1"                     [id=9844, stack(0x0000009811c00000,0x0000009811d00000) (1024K)]
  0x0000021c6a14b060 WorkerThread "GC Thread#2"                     [id=24444, stack(0x0000009811d00000,0x0000009811e00000) (1024K)]
  0x0000021c6a14b400 WorkerThread "GC Thread#3"                     [id=13156, stack(0x0000009811e00000,0x0000009811f00000) (1024K)]
  0x0000021c659a69b0 WorkerThread "GC Thread#4"                     [id=30604, stack(0x0000009811f00000,0x0000009812000000) (1024K)]
  0x0000021c659a6d50 WorkerThread "GC Thread#5"                     [id=18636, stack(0x0000009812000000,0x0000009812100000) (1024K)]
  0x0000021c659a70f0 WorkerThread "GC Thread#6"                     [id=16292, stack(0x0000009812100000,0x0000009812200000) (1024K)]
  0x0000021c6a453f40 WorkerThread "GC Thread#7"                     [id=30124, stack(0x0000009812300000,0x0000009812400000) (1024K)]
  0x0000021c65382120 WorkerThread "GC Thread#8"                     [id=22588, stack(0x0000009811800000,0x0000009811900000) (1024K)]
  0x0000021c65382860 WorkerThread "GC Thread#9"                     [id=10772, stack(0x0000009811a00000,0x0000009811b00000) (1024K)]
  0x0000021c653812a0 WorkerThread "GC Thread#10"                    [id=29492, stack(0x0000009811b00000,0x0000009811c00000) (1024K)]
Total: 13

Threads with active compile tasks:
C2 CompilerThread0  11677 2379       4       java.util.ImmutableCollections$SetN::probe (56 bytes)
C1 CompilerThread0  11677 2445       3       sun.util.locale.LanguageTag::parseExtensions (208 bytes)
C1 CompilerThread1  11677 2450       3       sun.util.locale.LanguageTag::isRegion (36 bytes)
Total: 3

VM state: not at safepoint (normal execution)

VM Mutex/Monitor currently owned by a thread:  ([mutex/lock_event])
[0x00007ff85aa1c308] Metaspace_lock - owner thread: 0x0000021c65913550

Heap address: 0x00000000c0000000, size: 1024 MB, Compressed Oops mode: 32-bit

CDS archive(s) mapped at: [0x0000021c00000000-0x0000021c00ba0000-0x0000021c00ba0000), size 12189696, SharedBaseAddress: 0x0000021c00000000, ArchiveRelocationMode: 1.
Compressed class space mapped at: 0x0000021c01000000-0x0000021c41000000, reserved size: 1073741824
Narrow klass base: 0x0000021c00000000, Narrow klass shift: 0, Narrow klass range: 0x100000000

GC Precious Log:
 CardTable entry size: 512
 CPUs: 16 total, 16 available
 Memory: 14020M
 Large Page Support: Disabled
 NUMA Support: Disabled
 Compressed Oops: Enabled (32-bit)
 Alignments: Space 512K, Generation 512K, Heap 2M
 Heap Min Capacity: 100M
 Heap Initial Capacity: 100M
 Heap Max Capacity: 1G
 Pre-touch: Disabled
 Parallel Workers: 13

Heap:
 PSYoungGen      total 29696K, used 12138K [0x00000000eab00000, 0x00000000ecc00000, 0x0000000100000000)
  eden space 25600K, 31% used [0x00000000eab00000,0x00000000eb2dfc68,0x00000000ec400000)
  from space 4096K, 99% used [0x00000000ec400000,0x00000000ec7fac50,0x00000000ec800000)
  to   space 4096K, 0% used [0x00000000ec800000,0x00000000ec800000,0x00000000ecc00000)
 ParOldGen       total 68608K, used 4194K [0x00000000c0000000, 0x00000000c4300000, 0x00000000eab00000)
  object space 68608K, 6% used [0x00000000c0000000,0x00000000c0418830,0x00000000c4300000)
 Metaspace       used 9534K, committed 9856K, reserved 1114112K
  class space    used 966K, committed 1152K, reserved 1048576K

Card table byte_map: [0x0000021c4daa0000,0x0000021c4dcb0000] _byte_map_base: 0x0000021c4d4a0000

Marking Bits: (ParMarkBitMap*) 0x00007ff85aa231f0
 Begin Bits: [0x0000021c602f0000, 0x0000021c612f0000)
 End Bits:   [0x0000021c612f0000, 0x0000021c622f0000)

Polling page: 0x0000021c4bf40000

Metaspace:

Usage:
  Non-class:      8.37 MB used.
      Class:    966.23 KB used.
       Both:      9.31 MB used.

Virtual space:
  Non-class space:       64.00 MB reserved,       8.50 MB ( 13%) committed,  1 nodes.
      Class space:        1.00 GB reserved,       1.12 MB ( <1%) committed,  1 nodes.
             Both:        1.06 GB reserved,       9.62 MB ( <1%) committed. 

Chunk freelists:
   Non-Class:  6.52 MB
       Class:  14.79 MB
        Both:  21.30 MB

MaxMetaspaceSize: unlimited
CompressedClassSpaceSize: 1.00 GB
Initial GC threshold: 21.00 MB
Current GC threshold: 21.00 MB
CDS: on
 - commit_granule_bytes: 65536.
 - commit_granule_words: 8192.
 - virtual_space_node_default_size: 8388608.
 - enlarge_chunks_in_place: 1.
 - use_allocation_guard: 0.


Internal statistics:

num_allocs_failed_limit: 0.
num_arena_births: 280.
num_arena_deaths: 0.
num_vsnodes_births: 2.
num_vsnodes_deaths: 0.
num_space_committed: 154.
num_space_uncommitted: 0.
num_chunks_returned_to_freelist: 0.
num_chunks_taken_from_freelist: 502.
num_chunk_merges: 0.
num_chunk_splits: 337.
num_chunks_enlarged: 230.
num_inconsistent_stats: 0.

CodeHeap 'non-profiled nmethods': size=119168Kb used=1157Kb max_used=1157Kb free=118011Kb
 bounds [0x0000021c58e90000, 0x0000021c59100000, 0x0000021c602f0000]
CodeHeap 'profiled nmethods': size=119104Kb used=4543Kb max_used=4543Kb free=114560Kb
 bounds [0x0000021c512f0000, 0x0000021c51760000, 0x0000021c58740000]
CodeHeap 'non-nmethods': size=7488Kb used=1798Kb max_used=2938Kb free=5689Kb
 bounds [0x0000021c58740000, 0x0000021c58a20000, 0x0000021c58e90000]
 total_blobs=2949 nmethods=2449 adapters=405
 compilation: enabled
              stopped_count=0, restarted_count=0
 full_count=0

Compilation events (20 events):
Event: 11.650 Thread 0x0000021c624e7840 2377       4       java.util.regex.Pattern$BmpCharPropertyGreedy::match (89 bytes)
Event: 11.650 Thread 0x0000021c624e8680 2378       3       java.util.regex.Matcher::search (154 bytes)
Event: 11.651 Thread 0x0000021c624e8680 nmethod 2378 0x0000021c51742590 code [0x0000021c517427a0, 0x0000021c51742d20]
Event: 11.655 Thread 0x0000021c624e7840 nmethod 2377 0x0000021c58f9a210 code [0x0000021c58f9a400, 0x0000021c58f9a918]
Event: 11.655 Thread 0x0000021c624e7840 2379       4       java.util.ImmutableCollections$SetN::probe (56 bytes)
Event: 11.655 Thread 0x0000021c624e8680 2381       1       sun.util.locale.StringTokenIterator::isDone (5 bytes)
Event: 11.655 Thread 0x0000021c624e8680 nmethod 2381 0x0000021c58f9ad10 code [0x0000021c58f9aea0, 0x0000021c58f9af70]
Event: 11.655 Thread 0x0000021c624e8680 2382       3       sun.util.locale.LocaleUtils::toLower (17 bytes)
Event: 11.656 Thread 0x0000021c624e8680 nmethod 2382 0x0000021c51742f10 code [0x0000021c517430c0, 0x0000021c517432d8]
Event: 11.656 Thread 0x0000021c624e8680 2383       3       java.lang.ref.SoftReference::<init> (13 bytes)
Event: 11.656 Thread 0x0000021c624e8680 nmethod 2383 0x0000021c51743390 code [0x0000021c51743540, 0x0000021c517437e0]
Event: 11.656 Thread 0x0000021c624e8680 2384       1       sun.util.locale.StringTokenIterator::current (5 bytes)
Event: 11.656 Thread 0x0000021c624e8680 nmethod 2384 0x0000021c58f9b010 code [0x0000021c58f9b1a0, 0x0000021c58f9b268]
Event: 11.656 Thread 0x0000021c624e8680 2385       3       sun.util.locale.LocaleUtils::isAlpha (30 bytes)
Event: 11.656 Thread 0x0000021c624e8680 nmethod 2385 0x0000021c51743910 code [0x0000021c51743ac0, 0x0000021c51743c90]
Event: 11.656 Thread 0x0000021c624e8680 2386       3       sun.util.locale.LocaleUtils::toLowerString (95 bytes)
Event: 11.657 Thread 0x0000021c624e8680 nmethod 2386 0x0000021c51743d10 code [0x0000021c51743fe0, 0x0000021c51745080]
Event: 11.657 Thread 0x0000021c624e8680 2389       3       sun.util.locale.LocaleUtils::isLower (18 bytes)
Event: 11.657 Thread 0x0000021c624e8680 nmethod 2389 0x0000021c51745710 code [0x0000021c517458a0, 0x0000021c51745a10]
Event: 11.657 Thread 0x0000021c624e8680 2391       3       sun.util.locale.ParseStatus::isError (13 bytes)

GC Heap History (6 events):
Event: 0.492 GC heap before
{Heap before GC invocations=1 (full 0):
 PSYoungGen      total 29696K, used 25600K [0x00000000eab00000, 0x00000000ecc00000, 0x0000000100000000)
  eden space 25600K, 100% used [0x00000000eab00000,0x00000000ec400000,0x00000000ec400000)
  from space 4096K, 0% used [0x00000000ec800000,0x00000000ec800000,0x00000000ecc00000)
  to   space 4096K, 0% used [0x00000000ec400000,0x00000000ec400000,0x00000000ec800000)
 ParOldGen       total 68608K, used 0K [0x00000000c0000000, 0x00000000c4300000, 0x00000000eab00000)
  object space 68608K, 0% used [0x00000000c0000000,0x00000000c0000000,0x00000000c4300000)
 Metaspace       used 4153K, committed 4416K, reserved 1114112K
  class space    used 443K, committed 576K, reserved 1048576K
}
Event: 0.497 GC heap after
{Heap after GC invocations=1 (full 0):
 PSYoungGen      total 29696K, used 3703K [0x00000000eab00000, 0x00000000ecc00000, 0x0000000100000000)
  eden space 25600K, 0% used [0x00000000eab00000,0x00000000eab00000,0x00000000ec400000)
  from space 4096K, 90% used [0x00000000ec400000,0x00000000ec79de90,0x00000000ec800000)
  to   space 4096K, 0% used [0x00000000ec800000,0x00000000ec800000,0x00000000ecc00000)
 ParOldGen       total 68608K, used 16K [0x00000000c0000000, 0x00000000c4300000, 0x00000000eab00000)
  object space 68608K, 0% used [0x00000000c0000000,0x00000000c0004000,0x00000000c4300000)
 Metaspace       used 4153K, committed 4416K, reserved 1114112K
  class space    used 443K, committed 576K, reserved 1048576K
}
Event: 0.894 GC heap before
{Heap before GC invocations=2 (full 0):
 PSYoungGen      total 29696K, used 29303K [0x00000000eab00000, 0x00000000ecc00000, 0x0000000100000000)
  eden space 25600K, 100% used [0x00000000eab00000,0x00000000ec400000,0x00000000ec400000)
  from space 4096K, 90% used [0x00000000ec400000,0x00000000ec79de90,0x00000000ec800000)
  to   space 4096K, 0% used [0x00000000ec800000,0x00000000ec800000,0x00000000ecc00000)
 ParOldGen       total 68608K, used 16K [0x00000000c0000000, 0x00000000c4300000, 0x00000000eab00000)
  object space 68608K, 0% used [0x00000000c0000000,0x00000000c0004000,0x00000000c4300000)
 Metaspace       used 7956K, committed 8256K, reserved 1114112K
  class space    used 791K, committed 960K, reserved 1048576K
}
Event: 0.898 GC heap after
{Heap after GC invocations=2 (full 0):
 PSYoungGen      total 29696K, used 4091K [0x00000000eab00000, 0x00000000ecc00000, 0x0000000100000000)
  eden space 25600K, 0% used [0x00000000eab00000,0x00000000eab00000,0x00000000ec400000)
  from space 4096K, 99% used [0x00000000ec800000,0x00000000ecbfef48,0x00000000ecc00000)
  to   space 4096K, 0% used [0x00000000ec400000,0x00000000ec400000,0x00000000ec800000)
 ParOldGen       total 68608K, used 1586K [0x00000000c0000000, 0x00000000c4300000, 0x00000000eab00000)
  object space 68608K, 2% used [0x00000000c0000000,0x00000000c018c958,0x00000000c4300000)
 Metaspace       used 7956K, committed 8256K, reserved 1114112K
  class space    used 791K, committed 960K, reserved 1048576K
}
Event: 8.290 GC heap before
{Heap before GC invocations=3 (full 0):
 PSYoungGen      total 29696K, used 29691K [0x00000000eab00000, 0x00000000ecc00000, 0x0000000100000000)
  eden space 25600K, 100% used [0x00000000eab00000,0x00000000ec400000,0x00000000ec400000)
  from space 4096K, 99% used [0x00000000ec800000,0x00000000ecbfef48,0x00000000ecc00000)
  to   space 4096K, 0% used [0x00000000ec400000,0x00000000ec400000,0x00000000ec800000)
 ParOldGen       total 68608K, used 1586K [0x00000000c0000000, 0x00000000c4300000, 0x00000000eab00000)
  object space 68608K, 2% used [0x00000000c0000000,0x00000000c018c958,0x00000000c4300000)
 Metaspace       used 9385K, committed 9792K, reserved 1114112K
  class space    used 962K, committed 1152K, reserved 1048576K
}
Event: 8.294 GC heap after
{Heap after GC invocations=3 (full 0):
 PSYoungGen      total 29696K, used 4075K [0x00000000eab00000, 0x00000000ecc00000, 0x0000000100000000)
  eden space 25600K, 0% used [0x00000000eab00000,0x00000000eab00000,0x00000000ec400000)
  from space 4096K, 99% used [0x00000000ec400000,0x00000000ec7fac50,0x00000000ec800000)
  to   space 4096K, 0% used [0x00000000ec800000,0x00000000ec800000,0x00000000ecc00000)
 ParOldGen       total 68608K, used 4194K [0x00000000c0000000, 0x00000000c4300000, 0x00000000eab00000)
  object space 68608K, 6% used [0x00000000c0000000,0x00000000c0418830,0x00000000c4300000)
 Metaspace       used 9385K, committed 9792K, reserved 1114112K
  class space    used 962K, committed 1152K, reserved 1048576K
}

Dll operation events (9 events):
Event: 0.008 Loaded shared library c:\Users\Admin\.vscode\extensions\redhat.java-1.42.0-win32-x64\jre\21.0.7-win32-x86_64\bin\java.dll
Event: 0.056 Loaded shared library c:\Users\Admin\.vscode\extensions\redhat.java-1.42.0-win32-x64\jre\21.0.7-win32-x86_64\bin\zip.dll
Event: 0.070 Loaded shared library C:\Users\Admin\.vscode\extensions\redhat.java-1.42.0-win32-x64\jre\21.0.7-win32-x86_64\bin\instrument.dll
Event: 0.074 Loaded shared library C:\Users\Admin\.vscode\extensions\redhat.java-1.42.0-win32-x64\jre\21.0.7-win32-x86_64\bin\net.dll
Event: 0.076 Loaded shared library C:\Users\Admin\.vscode\extensions\redhat.java-1.42.0-win32-x64\jre\21.0.7-win32-x86_64\bin\nio.dll
Event: 0.079 Loaded shared library C:\Users\Admin\.vscode\extensions\redhat.java-1.42.0-win32-x64\jre\21.0.7-win32-x86_64\bin\zip.dll
Event: 0.090 Loaded shared library C:\Users\Admin\.vscode\extensions\redhat.java-1.42.0-win32-x64\jre\21.0.7-win32-x86_64\bin\jimage.dll
Event: 0.144 Loaded shared library c:\Users\Admin\.vscode\extensions\redhat.java-1.42.0-win32-x64\jre\21.0.7-win32-x86_64\bin\verify.dll
Event: 5.376 Loaded shared library C:\Users\Admin\AppData\Roaming\Code\User\globalStorage\redhat.java\1.42.0\config_win\org.eclipse.equinox.launcher\org.eclipse.equinox.launcher.win32.win32.x86_64_1.2.1300.v20250331-1702\eclipse_11911.dll

Deoptimization events (20 events):
Event: 8.421 Thread 0x0000021c65913f80 Uncommon trap: trap_request=0xffffff45 fr.pc=0x0000021c58f7dc10 relative=0x0000000000000dd0
Event: 8.421 Thread 0x0000021c65913f80 Uncommon trap: reason=unstable_if action=reinterpret pc=0x0000021c58f7dc10 method=java.lang.String.<init>(Ljava/nio/charset/Charset;[BII)V @ 56 c2
Event: 8.421 Thread 0x0000021c65913f80 DEOPT PACKING pc=0x0000021c58f7dc10 sp=0x00000098117fe100
Event: 8.421 Thread 0x0000021c65913f80 DEOPT UNPACKING pc=0x0000021c58793aa2 sp=0x00000098117fe090 mode 2
Event: 8.421 Thread 0x0000021c65913f80 Uncommon trap: trap_request=0xffffff45 fr.pc=0x0000021c58eb3ee0 relative=0x00000000000001c0
Event: 8.421 Thread 0x0000021c65913f80 Uncommon trap: reason=unstable_if action=reinterpret pc=0x0000021c58eb3ee0 method=java.lang.String.isLatin1()Z @ 10 c2
Event: 8.421 Thread 0x0000021c65913f80 DEOPT PACKING pc=0x0000021c58eb3ee0 sp=0x00000098117fe1f0
Event: 8.421 Thread 0x0000021c65913f80 DEOPT UNPACKING pc=0x0000021c58793aa2 sp=0x00000098117fe0c0 mode 2
Event: 8.421 Thread 0x0000021c65913f80 Uncommon trap: trap_request=0xffffff45 fr.pc=0x0000021c58ee167c relative=0x000000000000051c
Event: 8.421 Thread 0x0000021c65913f80 Uncommon trap: reason=unstable_if action=reinterpret pc=0x0000021c58ee167c method=java.lang.String.substring(II)Ljava/lang/String; @ 31 c2
Event: 8.421 Thread 0x0000021c65913f80 DEOPT PACKING pc=0x0000021c58ee167c sp=0x00000098117fe1a0
Event: 8.421 Thread 0x0000021c65913f80 DEOPT UNPACKING pc=0x0000021c58793aa2 sp=0x00000098117fe170 mode 2
Event: 9.526 Thread 0x0000021c65913f80 Uncommon trap: trap_request=0xffffff45 fr.pc=0x0000021c58ea79a0 relative=0x0000000000000100
Event: 9.526 Thread 0x0000021c65913f80 Uncommon trap: reason=unstable_if action=reinterpret pc=0x0000021c58ea79a0 method=java.lang.StringCoding.countPositives([BII)I @ 17 c2
Event: 9.526 Thread 0x0000021c65913f80 DEOPT PACKING pc=0x0000021c58ea79a0 sp=0x00000098117fd4d0
Event: 9.526 Thread 0x0000021c65913f80 DEOPT UNPACKING pc=0x0000021c58793aa2 sp=0x00000098117fd458 mode 2
Event: 9.784 Thread 0x0000021c65913f80 DEOPT PACKING pc=0x0000021c5173db49 sp=0x00000098117fd4e0
Event: 9.784 Thread 0x0000021c65913f80 DEOPT UNPACKING pc=0x0000021c58794242 sp=0x00000098117fc950 mode 0
Event: 10.178 Thread 0x0000021c65913f80 DEOPT PACKING pc=0x0000021c5173db49 sp=0x00000098117fd4e0
Event: 10.178 Thread 0x0000021c65913f80 DEOPT UNPACKING pc=0x0000021c58794242 sp=0x00000098117fc950 mode 0

Classes loaded (20 events):
Event: 5.457 Loading class sun/util/logging/resources/logging_en_US
Event: 5.457 Loading class sun/util/logging/resources/logging_en_US done
Event: 5.457 Loading class sun/util/logging/resources/logging_en_US
Event: 5.457 Loading class sun/util/logging/resources/logging_en_US done
Event: 5.458 Loading class java/util/Formatter$DateTime
Event: 5.458 Loading class java/util/Formatter$DateTime done
Event: 5.458 Loading class java/util/Formatter$FixedString
Event: 5.458 Loading class java/util/Formatter$FixedString done
Event: 5.459 Loading class java/time/ZonedDateTime$1
Event: 5.459 Loading class java/time/ZonedDateTime$1 done
Event: 5.462 Loading class jdk/internal/module/ModulePatcher$PatchedModuleReader
Event: 5.463 Loading class jdk/internal/module/ModulePatcher$PatchedModuleReader done
Event: 5.468 Loading class sun/text/resources/cldr/FormatData_en
Event: 5.468 Loading class sun/text/resources/cldr/FormatData_en done
Event: 5.468 Loading class sun/text/resources/cldr/FormatData_en_US
Event: 5.468 Loading class sun/text/resources/cldr/FormatData_en_US done
Event: 11.647 Loading class java/lang/StackTraceElement$HashedModules
Event: 11.647 Loading class java/lang/StackTraceElement$HashedModules done
Event: 11.649 Loading class sun/nio/cs/UTF_8$Encoder
Event: 11.649 Loading class sun/nio/cs/UTF_8$Encoder done

Classes unloaded (0 events):
No events

Classes redefined (0 events):
No events

Internal exceptions (20 events):
Event: 0.556 Thread 0x0000021c4e113a40 Exception <a 'java/lang/NoSuchMethodError'{0x00000000eae65a58}: 'void java.lang.invoke.DirectMethodHandle$Holder.invokeStatic(java.lang.Object, java.lang.Object, java.lang.Object, java.lang.Object)'> (0x00000000eae65a58) 
thrown [s\src\hotspot\share\interpreter\linkResolver.cpp, line 773]
Event: 0.557 Thread 0x0000021c4e113a40 Implicit null exception at 0x0000021c58ef639a to 0x0000021c58ef65a4
Event: 0.557 Thread 0x0000021c4e113a40 Implicit null exception at 0x0000021c58ed773d to 0x0000021c58ed77c1
Event: 0.592 Thread 0x0000021c4e113a40 Exception <a 'java/lang/NoSuchMethodError'{0x00000000eb0a24c0}: 'long java.lang.invoke.DirectMethodHandle$Holder.invokeStatic(java.lang.Object, java.lang.Object, int)'> (0x00000000eb0a24c0) 
thrown [s\src\hotspot\share\interpreter\linkResolver.cpp, line 773]
Event: 0.593 Thread 0x0000021c4e113a40 Exception <a 'java/lang/NoSuchMethodError'{0x00000000eb0a9eb0}: 'java.lang.Object java.lang.invoke.DirectMethodHandle$Holder.invokeSpecial(java.lang.Object, java.lang.Object, java.lang.Object, java.lang.Object, long)'> (0x00000000eb0a9eb0) 
thrown [s\src\hotspot\share\interpreter\linkResolver.cpp, line 773]
Event: 0.595 Thread 0x0000021c4e113a40 Exception <a 'java/lang/NoSuchMethodError'{0x00000000eb0b78a8}: 'java.lang.Object java.lang.invoke.DirectMethodHandle$Holder.invokeSpecial(java.lang.Object, java.lang.Object, java.lang.Object, int, java.lang.Object)'> (0x00000000eb0b78a8) 
thrown [s\src\hotspot\share\interpreter\linkResolver.cpp, line 773]
Event: 0.599 Thread 0x0000021c4e113a40 Exception <a 'java/lang/NoSuchMethodError'{0x00000000eb0e1150}: 'int java.lang.invoke.DirectMethodHandle$Holder.invokeStaticInit(java.lang.Object, java.lang.Object, java.lang.Object, java.lang.Object)'> (0x00000000eb0e1150) 
thrown [s\src\hotspot\share\interpreter\linkResolver.cpp, line 773]
Event: 0.599 Thread 0x0000021c4e113a40 Exception <a 'java/lang/IncompatibleClassChangeError'{0x00000000eb0e9650}: Found class java.lang.Object, but interface was expected> (0x00000000eb0e9650) 
thrown [s\src\hotspot\share\interpreter\linkResolver.cpp, line 840]
Event: 0.600 Thread 0x0000021c4e113a40 Exception <a 'java/lang/NoSuchMethodError'{0x00000000eb0ed7f0}: 'void java.lang.invoke.DirectMethodHandle$Holder.invokeStaticInit(java.lang.Object, java.lang.Object)'> (0x00000000eb0ed7f0) 
thrown [s\src\hotspot\share\interpreter\linkResolver.cpp, line 773]
Event: 0.600 Thread 0x0000021c4e113a40 Exception <a 'java/lang/NoSuchMethodError'{0x00000000eb0f4728}: 'int java.lang.invoke.DirectMethodHandle$Holder.invokeStaticInit(java.lang.Object, java.lang.Object)'> (0x00000000eb0f4728) 
thrown [s\src\hotspot\share\interpreter\linkResolver.cpp, line 773]
Event: 0.655 Thread 0x0000021c4e113a40 Exception <a 'java/lang/NoSuchMethodError'{0x00000000eb2540d0}: 'void java.lang.invoke.DirectMethodHandle$Holder.invokeSpecial(java.lang.Object, java.lang.Object, java.lang.Object)'> (0x00000000eb2540d0) 
thrown [s\src\hotspot\share\interpreter\linkResolver.cpp, line 773]
Event: 0.802 Thread 0x0000021c4e113a40 Exception <a 'java/lang/NoSuchMethodError'{0x00000000ebc38ed8}: 'int java.lang.invoke.DirectMethodHandle$Holder.invokeVirtual(java.lang.Object, java.lang.Object)'> (0x00000000ebc38ed8) 
thrown [s\src\hotspot\share\interpreter\linkResolver.cpp, line 773]
Event: 0.854 Thread 0x0000021c4e113a40 Exception <a 'java/lang/NoSuchMethodError'{0x00000000ebfad948}: 'java.lang.Object java.lang.invoke.DirectMethodHandle$Holder.newInvokeSpecial(java.lang.Object, int, java.lang.Object)'> (0x00000000ebfad948) 
thrown [s\src\hotspot\share\interpreter\linkResolver.cpp, line 773]
Event: 0.870 Thread 0x0000021c4e113a40 Exception <a 'java/lang/NoSuchMethodError'{0x00000000ec12f408}: 'java.lang.Object java.lang.invoke.DirectMethodHandle$Holder.newInvokeSpecial(java.lang.Object, java.lang.Object, java.lang.Object, java.lang.Object, int, java.lang.Object)'> (0x00000000ec12f408) 
thrown [s\src\hotspot\share\interpreter\linkResolver.cpp, line 773]
Event: 5.372 Thread 0x0000021c4e113a40 Exception <a 'java/lang/UnsatisfiedLinkError'{0x00000000ead9e6e0}: 'void org.eclipse.equinox.launcher.JNIBridge._update_splash()'> (0x00000000ead9e6e0) 
thrown [s\src\hotspot\share\prims\nativeLookup.cpp, line 415]
Event: 5.433 Thread 0x0000021c65913f80 Exception <a 'java/lang/NoSuchMethodError'{0x00000000eb3720d0}: 'java.lang.Object java.lang.invoke.DirectMethodHandle$Holder.newInvokeSpecial(java.lang.Object, java.lang.Object, int, java.lang.Object)'> (0x00000000eb3720d0) 
thrown [s\src\hotspot\share\interpreter\linkResolver.cpp, line 773]
Event: 5.441 Thread 0x0000021c65913f80 Exception <a 'java/lang/NoClassDefFoundError'{0x00000000eb4123b0}: jakarta/servlet/ServletContainerInitializer> (0x00000000eb4123b0) 
thrown [s\src\hotspot\share\classfile\systemDictionary.cpp, line 301]
Event: 5.455 Thread 0x0000021c65913f80 Exception <a 'java/lang/ClassNotFoundException'{0x00000000eb56c560}: sun/util/logging/resources/spi/loggingProvider> (0x00000000eb56c560) 
thrown [s\src\hotspot\share\classfile\systemDictionary.cpp, line 312]
Event: 11.646 Thread 0x0000021c65913f80 Exception <a 'java/io/IOException'{0x00000000eb139538}> (0x00000000eb139538) 
thrown [s\src\hotspot\share\prims\jni.cpp, line 520]
Event: 11.649 Thread 0x0000021c65913f80 Exception <a 'java/io/IOException'{0x00000000eb13bd08}> (0x00000000eb13bd08) 
thrown [s\src\hotspot\share\prims\jni.cpp, line 520]

ZGC Phase Switch (0 events):
No events

VM Operations (20 events):
Event: 1.901 Executing VM operation: Cleanup
Event: 1.901 Executing VM operation: Cleanup done
Event: 5.417 Executing VM operation: HandshakeAllThreads (Deoptimize)
Event: 5.417 Executing VM operation: HandshakeAllThreads (Deoptimize) done
Event: 5.417 Executing VM operation: Cleanup
Event: 5.417 Executing VM operation: Cleanup done
Event: 5.449 Executing VM operation: HandshakeAllThreads (Deoptimize)
Event: 5.449 Executing VM operation: HandshakeAllThreads (Deoptimize) done
Event: 5.463 Executing VM operation: HandshakeAllThreads (Deoptimize)
Event: 5.463 Executing VM operation: HandshakeAllThreads (Deoptimize) done
Event: 5.471 Executing VM operation: HandshakeAllThreads (Deoptimize)
Event: 5.471 Executing VM operation: HandshakeAllThreads (Deoptimize) done
Event: 5.477 Executing VM operation: HandshakeAllThreads (Deoptimize)
Event: 5.477 Executing VM operation: HandshakeAllThreads (Deoptimize) done
Event: 6.480 Executing VM operation: Cleanup
Event: 6.480 Executing VM operation: Cleanup done
Event: 8.290 Executing VM operation: ParallelGCFailedAllocation (Allocation Failure)
Event: 8.294 Executing VM operation: ParallelGCFailedAllocation (Allocation Failure) done
Event: 9.299 Executing VM operation: Cleanup
Event: 9.299 Executing VM operation: Cleanup done

Memory protections (0 events):
No events

Nmethod flushes (0 events):
No events

Events (20 events):
Event: 0.208 Thread 0x0000021c4e113a40 Thread added: 0x0000021c65345eb0
Event: 0.285 Thread 0x0000021c63a87d20 Thread added: 0x0000021c652fc9b0
Event: 0.335 Thread 0x0000021c63c90cd0 Thread added: 0x0000021c659b2c90
Event: 0.839 Thread 0x0000021c4e113a40 Thread added: 0x0000021c6599b3e0
Event: 1.016 Thread 0x0000021c659b2c90 Thread exited: 0x0000021c659b2c90
Event: 1.017 Thread 0x0000021c63b4a0e0 Thread exited: 0x0000021c63b4a0e0
Event: 1.017 Thread 0x0000021c652fc9b0 Thread exited: 0x0000021c652fc9b0
Event: 1.567 Thread 0x0000021c63c96540 Thread exited: 0x0000021c63c96540
Event: 1.610 Thread 0x0000021c63c90cd0 Thread exited: 0x0000021c63c90cd0
Event: 5.365 Thread 0x0000021c63a87d20 Thread exited: 0x0000021c63a87d20
Event: 5.371 Thread 0x0000021c4e113a40 Thread added: 0x0000021c659b2b40
Event: 5.390 Thread 0x0000021c659b2b40 Thread added: 0x0000021c65913550
Event: 5.391 Thread 0x0000021c4e113a40 Thread added: 0x0000021c65913f80
Event: 5.463 Thread 0x0000021c624e8680 Thread added: 0x0000021c655d13c0
Event: 5.483 Thread 0x0000021c655d13c0 Thread added: 0x0000021c65715320
Event: 5.483 Thread 0x0000021c655d13c0 Thread added: 0x0000021c654f1da0
Event: 6.096 Thread 0x0000021c65715320 Thread exited: 0x0000021c65715320
Event: 6.096 Thread 0x0000021c655d13c0 Thread exited: 0x0000021c655d13c0
Event: 6.096 Thread 0x0000021c654f1da0 Thread exited: 0x0000021c654f1da0
Event: 8.420 Thread 0x0000021c65913f80 Thread added: 0x0000021c6a2e0a20


Dynamic libraries:
0x00007ff66ec50000 - 0x00007ff66ec5e000 	c:\Users\Admin\.vscode\extensions\redhat.java-1.42.0-win32-x64\jre\21.0.7-win32-x86_64\bin\java.exe
0x00007ff944d90000 - 0x00007ff944fa7000 	C:\Windows\SYSTEM32\ntdll.dll
0x00007ff942b40000 - 0x00007ff942c04000 	C:\Windows\System32\KERNEL32.DLL
0x00007ff941fe0000 - 0x00007ff9423b3000 	C:\Windows\System32\KERNELBASE.dll
0x00007ff93d790000 - 0x00007ff93d827000 	C:\Windows\SYSTEM32\apphelp.dll
0x00007ff942910000 - 0x00007ff942a21000 	C:\Windows\System32\ucrtbase.dll
0x00007ff917ba0000 - 0x00007ff917bb8000 	c:\Users\Admin\.vscode\extensions\redhat.java-1.42.0-win32-x64\jre\21.0.7-win32-x86_64\bin\jli.dll
0x00007ff914820000 - 0x00007ff91483e000 	c:\Users\Admin\.vscode\extensions\redhat.java-1.42.0-win32-x64\jre\21.0.7-win32-x86_64\bin\VCRUNTIME140.dll
0x00007ff9435b0000 - 0x00007ff943761000 	C:\Windows\System32\USER32.dll
0x00007ff942650000 - 0x00007ff942676000 	C:\Windows\System32\win32u.dll
0x00007ff92ac30000 - 0x00007ff92aec8000 	C:\Windows\WinSxS\amd64_microsoft.windows.common-controls_6595b64144ccf1df_6.0.22621.5124_none_270e8f4f7386d69d\COMCTL32.dll
0x00007ff944680000 - 0x00007ff9446a9000 	C:\Windows\System32\GDI32.dll
0x00007ff9445d0000 - 0x00007ff944677000 	C:\Windows\System32\msvcrt.dll
0x00007ff942680000 - 0x00007ff94279b000 	C:\Windows\System32\gdi32full.dll
0x00007ff9425b0000 - 0x00007ff94264a000 	C:\Windows\System32\msvcp_win.dll
0x00007ff944180000 - 0x00007ff9441b1000 	C:\Windows\System32\IMM32.DLL
0x00007ff939560000 - 0x00007ff93956c000 	c:\Users\Admin\.vscode\extensions\redhat.java-1.42.0-win32-x64\jre\21.0.7-win32-x86_64\bin\vcruntime140_1.dll
0x00007ff8ea3b0000 - 0x00007ff8ea43d000 	c:\Users\Admin\.vscode\extensions\redhat.java-1.42.0-win32-x64\jre\21.0.7-win32-x86_64\bin\msvcp140.dll
0x00007ff859d70000 - 0x00007ff85ab00000 	c:\Users\Admin\.vscode\extensions\redhat.java-1.42.0-win32-x64\jre\21.0.7-win32-x86_64\bin\server\jvm.dll
0x00007ff943140000 - 0x00007ff9431f1000 	C:\Windows\System32\ADVAPI32.dll
0x00007ff944850000 - 0x00007ff9448f8000 	C:\Windows\System32\sechost.dll
0x00007ff9427a0000 - 0x00007ff9427c8000 	C:\Windows\System32\bcrypt.dll
0x00007ff9442f0000 - 0x00007ff944404000 	C:\Windows\System32\RPCRT4.dll
0x00007ff944900000 - 0x00007ff944971000 	C:\Windows\System32\WS2_32.dll
0x00007ff941d70000 - 0x00007ff941dbd000 	C:\Windows\SYSTEM32\POWRPROF.dll
0x00007ff93e0d0000 - 0x00007ff93e104000 	C:\Windows\SYSTEM32\WINMM.dll
0x00007ff937d30000 - 0x00007ff937d3a000 	C:\Windows\SYSTEM32\VERSION.dll
0x00007ff941d50000 - 0x00007ff941d63000 	C:\Windows\SYSTEM32\UMPDC.dll
0x00007ff940ea0000 - 0x00007ff940eb8000 	C:\Windows\SYSTEM32\kernel.appcore.dll
0x00007ff931cb0000 - 0x00007ff931cba000 	c:\Users\Admin\.vscode\extensions\redhat.java-1.42.0-win32-x64\jre\21.0.7-win32-x86_64\bin\jimage.dll
0x00007ff93f930000 - 0x00007ff93fb62000 	C:\Windows\SYSTEM32\DBGHELP.DLL
0x00007ff944980000 - 0x00007ff944d12000 	C:\Windows\System32\combase.dll
0x00007ff9433c0000 - 0x00007ff943497000 	C:\Windows\System32\OLEAUT32.dll
0x00007ff93e700000 - 0x00007ff93e732000 	C:\Windows\SYSTEM32\dbgcore.DLL
0x00007ff942890000 - 0x00007ff94290b000 	C:\Windows\System32\bcryptPrimitives.dll
0x00007ff92dcc0000 - 0x00007ff92dccf000 	c:\Users\Admin\.vscode\extensions\redhat.java-1.42.0-win32-x64\jre\21.0.7-win32-x86_64\bin\instrument.dll
0x00007ff914420000 - 0x00007ff91443f000 	c:\Users\Admin\.vscode\extensions\redhat.java-1.42.0-win32-x64\jre\21.0.7-win32-x86_64\bin\java.dll
0x00007ff9438e0000 - 0x00007ff944176000 	C:\Windows\System32\SHELL32.dll
0x00007ff941ea0000 - 0x00007ff941fdf000 	C:\Windows\System32\wintypes.dll
0x00007ff93fd70000 - 0x00007ff94068a000 	C:\Windows\SYSTEM32\windows.storage.dll
0x00007ff944740000 - 0x00007ff94484a000 	C:\Windows\System32\SHCORE.dll
0x00007ff9441c0000 - 0x00007ff944223000 	C:\Windows\System32\shlwapi.dll
0x00007ff941dd0000 - 0x00007ff941dfb000 	C:\Windows\SYSTEM32\profapi.dll
0x00007ff912e30000 - 0x00007ff912e48000 	c:\Users\Admin\.vscode\extensions\redhat.java-1.42.0-win32-x64\jre\21.0.7-win32-x86_64\bin\zip.dll
0x00007ff92dd40000 - 0x00007ff92dd50000 	C:\Users\Admin\.vscode\extensions\redhat.java-1.42.0-win32-x64\jre\21.0.7-win32-x86_64\bin\net.dll
0x00007ff9399f0000 - 0x00007ff939b1c000 	C:\Windows\SYSTEM32\WINHTTP.dll
0x00007ff941330000 - 0x00007ff94139a000 	C:\Windows\system32\mswsock.dll
0x00007ff90fc80000 - 0x00007ff90fc96000 	C:\Users\Admin\.vscode\extensions\redhat.java-1.42.0-win32-x64\jre\21.0.7-win32-x86_64\bin\nio.dll
0x00007ff928200000 - 0x00007ff928210000 	c:\Users\Admin\.vscode\extensions\redhat.java-1.42.0-win32-x64\jre\21.0.7-win32-x86_64\bin\verify.dll
0x00007ff8f9bb0000 - 0x00007ff8f9bf5000 	C:\Users\Admin\AppData\Roaming\Code\User\globalStorage\redhat.java\1.42.0\config_win\org.eclipse.equinox.launcher\org.eclipse.equinox.launcher.win32.win32.x86_64_1.2.1300.v20250331-1702\eclipse_11911.dll
0x00007ff943210000 - 0x00007ff9433b1000 	C:\Windows\System32\ole32.dll

dbghelp: loaded successfully - version: 4.0.5 - missing functions: none
symbol engine: initialized successfully - sym options: 0x614 - pdb path: .;c:\Users\Admin\.vscode\extensions\redhat.java-1.42.0-win32-x64\jre\21.0.7-win32-x86_64\bin;C:\Windows\SYSTEM32;C:\Windows\WinSxS\amd64_microsoft.windows.common-controls_6595b64144ccf1df_6.0.22621.5124_none_270e8f4f7386d69d;c:\Users\Admin\.vscode\extensions\redhat.java-1.42.0-win32-x64\jre\21.0.7-win32-x86_64\bin\server;C:\Users\Admin\AppData\Roaming\Code\User\globalStorage\redhat.java\1.42.0\config_win\org.eclipse.equinox.launcher\org.eclipse.equinox.launcher.win32.win32.x86_64_1.2.1300.v20250331-1702

VM Arguments:
jvm_args: --add-modules=ALL-SYSTEM --add-opens=java.base/java.util=ALL-UNNAMED --add-opens=java.base/java.lang=ALL-UNNAMED --add-opens=java.base/sun.nio.fs=ALL-UNNAMED -Declipse.application=org.eclipse.jdt.ls.core.id1 -Dosgi.bundles.defaultStartLevel=4 -Declipse.product=org.eclipse.jdt.ls.core.product -Djava.import.generatesMetadataFilesAtProjectRoot=false -DDetectVMInstallationsJob.disabled=true -Dfile.encoding=utf8 -XX:+UseParallelGC -XX:GCTimeRatio=4 -XX:AdaptiveSizePolicyWeight=90 -Dsun.zip.disableMemoryMapping=true -Xmx1G -Xms100m -Xlog:disable -javaagent:c:\Users\Admin\.vscode\extensions\redhat.java-1.42.0-win32-x64\lombok\lombok-1.18.36.jar -XX:+HeapDumpOnOutOfMemoryError -XX:HeapDumpPath=c:\Users\Admin\AppData\Roaming\Code\User\workspaceStorage\5dc3f2df9ea58a9b44a2b78c0b0bc615\redhat.java -Daether.dependencyCollector.impl=bf 
java_command: c:\Users\Admin\.vscode\extensions\redhat.java-1.42.0-win32-x64\server\plugins\org.eclipse.equinox.launcher_1.7.0.v20250424-1814.jar -configuration c:\Users\Admin\AppData\Roaming\Code\User\globalStorage\redhat.java\1.42.0\config_win -data c:\Users\Admin\AppData\Roaming\Code\User\workspaceStorage\5dc3f2df9ea58a9b44a2b78c0b0bc615\redhat.java\jdt_ws --pipe=\\.\pipe\lsp-c7090b682c8f62388ccbf0ecf8d315ff-sock
java_class_path (initial): c:\Users\Admin\.vscode\extensions\redhat.java-1.42.0-win32-x64\server\plugins\org.eclipse.equinox.launcher_1.7.0.v20250424-1814.jar
Launcher Type: SUN_STANDARD

[Global flags]
    uintx AdaptiveSizePolicyWeight                 = 90                                        {product} {command line}
     intx CICompilerCount                          = 12                                        {product} {ergonomic}
    uintx GCTimeRatio                              = 4                                         {product} {command line}
     bool HeapDumpOnOutOfMemoryError               = true                                   {manageable} {command line}
    ccstr HeapDumpPath                             = c:\Users\Admin\AppData\Roaming\Code\User\workspaceStorage\5dc3f2df9ea58a9b44a2b78c0b0bc615\redhat.java         {manageable} {command line}
   size_t InitialHeapSize                          = 104857600                                 {product} {command line}
   size_t MaxHeapSize                              = 1073741824                                {product} {command line}
   size_t MaxNewSize                               = 357564416                                 {product} {ergonomic}
   size_t MinHeapDeltaBytes                        = 524288                                    {product} {ergonomic}
   size_t MinHeapSize                              = 104857600                                 {product} {command line}
   size_t NewSize                                  = 34603008                                  {product} {ergonomic}
    uintx NonNMethodCodeHeapSize                   = 7602480                                {pd product} {ergonomic}
    uintx NonProfiledCodeHeapSize                  = 122027880                              {pd product} {ergonomic}
   size_t OldSize                                  = 70254592                                  {product} {ergonomic}
    uintx ProfiledCodeHeapSize                     = 122027880                              {pd product} {ergonomic}
    uintx ReservedCodeCacheSize                    = 251658240                              {pd product} {ergonomic}
     bool SegmentedCodeCache                       = true                                      {product} {ergonomic}
   size_t SoftMaxHeapSize                          = 1073741824                             {manageable} {ergonomic}
     bool UseCompressedOops                        = true                           {product lp64_product} {ergonomic}
     bool UseLargePagesIndividualAllocation        = false                                  {pd product} {ergonomic}
     bool UseParallelGC                            = true                                      {product} {command line}

Logging:
Log output configuration:
 #0: stdout all=off uptime,level,tags foldmultilines=false
 #1: stderr all=off uptime,level,tags foldmultilines=false

Environment Variables:
PATH=D:\Program Files\Nvidia\NVIDIA GPU computing\CUDA\v12.8\bin;D:\Program Files\Nvidia\NVIDIA GPU computing\CUDA\v12.8\libnvvp;D:\Program Files\Nvidia\CUDNN\v9.8\bin;C:\Program Files\Microsoft MPI\Bin\;C:\Program Files\OpenSSH\;C:\Program Files\Common Files\Oracle\Java\javapath;C:\Windows\system32;C:\Windows;C:\Windows\System32\Wbem;C:\Windows\System32\WindowsPowerShell\v1.0\;C:\Windows\System32\OpenSSH\;C:\Program Files (x86)\NVIDIA Corporation\PhysX\Common;C:\Program Files\NVIDIA Corporation\NVIDIA NvDLISR;D:\Program Files\nodejs\;C:\Program Files (x86)\Microsoft SQL Server\160\Tools\Binn\;C:\Program Files\Microsoft SQL Server\160\Tools\Binn\;C:\Program Files\Microsoft SQL Server\Client SDK\ODBC\170\Tools\Binn\;C:\Program Files\Microsoft SQL Server\160\DTS\Binn\;C:\Program Files (x86)\Microsoft SQL Server\160\DTS\Binn\;C:\Program Files\Cloudflare\Cloudflare WARP\;C:\Program Files\Microsoft Network Monitor 3\;C:\xampp\php;C:\Program Files\dotnet\;D:\Program Files\CMake\bin;C:\Program Files (x86)\Windows Kits\10\Windows Performance Toolkit\;C:\Program Files\NVIDIA Corporation\Nsight Compute 2025.1.1\;C:\Program Files\NVIDIA Corporation\NVIDIA app\NvDLISR;C:\Users\Admin\AppData\Local\Programs\Python\Python310\Scripts\;C:\Users\Admin\AppData\Local\Programs\Python\Python310\;D:\DEV\tooling\flutter\bin;C:\Users\Admin\AppData\Local\Programs\Python\Launcher\;C:\Users\Admin\AppData\Local\Microsoft\WindowsApps;C:\Users\Admin\AppData\Local\GitHubDesktop\bin;C:\Users\Admin\AppData\Local\Programs\Microsoft VS Code\bin;C:\Users\Admin\AppData\Local\Programs\Git\cmd;C:\Users\Admin\.dotnet\tools;C:\Users\Admin\AppData\Local\Microsoft\WinGet\Packages\Schniz.fnm_Microsoft.Winget.Source_8wekyb3d8bbwe;C:\Users\Admin\AppData\Roaming\npm;C:\Users\Admin\.lmstudio\bin
USERNAME=Admin
OS=Windows_NT
PROCESSOR_IDENTIFIER=AMD64 Family 25 Model 68 Stepping 1, AuthenticAMD
TMP=C:\Users\Admin\AppData\Local\Temp
TEMP=C:\Users\Admin\AppData\Local\Temp




Periodic native trim disabled

---------------  S Y S T E M  ---------------

OS:
 Windows 11 , 64 bit Build 22621 (10.0.22621.5124)
OS uptime: 0 days 1:51 hours
Hyper-V role detected

CPU: total 16 (initial active 16) (16 cores per cpu, 2 threads per core) family 25 model 68 stepping 1 microcode 0x0, cx8, cmov, fxsr, ht, mmx, 3dnowpref, sse, sse2, sse3, ssse3, sse4a, sse4.1, sse4.2, popcnt, lzcnt, tsc, tscinvbit, avx, avx2, aes, erms, clmul, bmi1, bmi2, adx, sha, fma, vzeroupper, clflush, clflushopt, hv, rdtscp, rdpid, fsrm, f16c, cet_ss
Processor Information for processor 0
  Max Mhz: 3201, Current Mhz: 3201, Mhz Limit: 3201
Processor Information for processor 1
  Max Mhz: 3201, Current Mhz: 2566, Mhz Limit: 3201
Processor Information for processor 2
  Max Mhz: 3201, Current Mhz: 3201, Mhz Limit: 3201
Processor Information for processor 3
  Max Mhz: 3201, Current Mhz: 2566, Mhz Limit: 3201
Processor Information for processor 4
  Max Mhz: 3201, Current Mhz: 3201, Mhz Limit: 3201
Processor Information for processor 5
  Max Mhz: 3201, Current Mhz: 2566, Mhz Limit: 3201
Processor Information for processor 6
  Max Mhz: 3201, Current Mhz: 3201, Mhz Limit: 3201
Processor Information for processor 7
  Max Mhz: 3201, Current Mhz: 3201, Mhz Limit: 3201
Processor Information for processor 8
  Max Mhz: 3201, Current Mhz: 2566, Mhz Limit: 3201
Processor Information for processor 9
  Max Mhz: 3201, Current Mhz: 3201, Mhz Limit: 3201
Processor Information for processor 10
  Max Mhz: 3201, Current Mhz: 3201, Mhz Limit: 3201
Processor Information for processor 11
  Max Mhz: 3201, Current Mhz: 2566, Mhz Limit: 3201
Processor Information for processor 12
  Max Mhz: 3201, Current Mhz: 3201, Mhz Limit: 3201
Processor Information for processor 13
  Max Mhz: 3201, Current Mhz: 3201, Mhz Limit: 3201
Processor Information for processor 14
  Max Mhz: 3201, Current Mhz: 3201, Mhz Limit: 3201
Processor Information for processor 15
  Max Mhz: 3201, Current Mhz: 3201, Mhz Limit: 3201

Memory: 4k page, system-wide physical 14020M (274M free)
TotalPageFile size 24756M (AvailPageFile size 0M)
current process WorkingSet (physical memory assigned to process): 104M, peak: 108M
current process commit charge ("private bytes"): 227M, peak: 232M

vm_info: OpenJDK 64-Bit Server VM (21.0.7+6-LTS) for windows-amd64 JRE (21.0.7+6-LTS), built on 2025-04-15T00:00:00Z by "admin" with MS VC++ 17.7 (VS2022)

END.
